Kernel starting...
GDT installed
IDT installed
Keyboard initialized
Interrupts enabled
Shell started
INT!
INT NUM: 32
INT!
INT NUM: 33
KBD!
SCAN: œ
INT!
INT NUM: 32
INT!
INT NUM: 32
INT!
INT NUM: 32
INT!
INT NUM: 32
INT!
INT NUM: 32
INT!
INT NUM: 32
INT!
INT NUM: 32
INT!
INT NUM: 32
INT!
INT NUM: 32
INT!
INT NUM: 32
INT!
INT NUM: 32
INT!
INT NUM: 32
INT!
INT NUM: 32
INT!
INT NUM: 32
INT!
INT NUM: 32
INT!
INT NUM: 32
INT!
INT NUM: 32
INT!
INT NUM: 32
INT!
INT NUM: 32
INT!
INT NUM: 32
INT!
INT NUM: 32
INT!
INT NUM: 32
INT!
INT NUM: 33
KBD!
SCAN: #
ASCII: h
GOT CHAR: h
INT!
INT NUM: 32
INT!
INT NUM: 33
KBD!
SCAN: £
INT!
INT NUM: 32
INT!
INT NUM: 32
INT!
INT NUM: 32
INT!
INT NUM: 33
KBD!
SCAN: 
ASCII: e
GOT CHAR: e
INT!
INT NUM: 32
INT!
INT NUM: 32
INT!
INT NUM: 33
KBD!
SCAN: ’
INT!
INT NUM: 32
INT!
INT NUM: 32
INT!
INT NUM: 32
INT!
INT NUM: 32
INT!
INT NUM: 33
KBD!
SCAN: &
ASCII: l
GOT CHAR: l
INT!
INT NUM: 32
INT!
INT NUM: 33
KBD!
SCAN: 
ASCII: p
GOT CHAR: p
INT!
INT NUM: 32
INT!
INT NUM: 33
KBD!
SCAN: ¦
INT!
INT NUM: 32
INT!
INT NUM: 33
KBD!
SCAN: ™
INT!
INT NUM: 32
INT!
INT NUM: 32
INT!
INT NUM: 32
INT!
INT NUM: 32
INT!
INT NUM: 33
KBD!
SCAN: 
ASCII: 

GOT CHAR: 

INT!
INT NUM: 32
INT!
INT NUM: 32
INT!
INT NUM: 33
KBD!
SCAN: œ
INT!
INT NUM: 32
INT!
INT NUM: 32
INT!
INT NUM: 32
INT!
INT NUM: 32
INT!
INT NUM: 32
INT!
INT NUM: 32
INT!
INT NUM: 32
INT!
INT NUM: 32
INT!
INT NUM: 32
INT!
INT NUM: 32
INT!
INT NUM: 32
INT!
INT NUM: 32
INT!
INT NUM: 32
INT!
INT NUM: 32
INT!
INT NUM: 32
INT!
INT NUM: 32
INT!
INT NUM: 32
INT!
INT NUM: 32
INT!
INT NUM: 32
INT!
INT NUM: 32
INT!
INT NUM: 32
INT!
INT NUM: 32
INT!
INT NUM: 32
INT!
INT NUM: 32
INT!
INT NUM: 32
INT!
INT NUM: 32
INT!
INT NUM: 32
INT!
INT NUM: 32
INT!
INT NUM: 32
INT!
INT NUM: 32
INT!
INT NUM: 32
INT!
INT NUM: 32
INT!
INT NUM: 32
INT!
INT NUM: 32
INT!
INT NUM: 32
INT!
INT NUM: 32
INT!
INT NUM: 32
INT!
INT NUM: 32
INT!
INT NUM: 32
INT!
INT NUM: 32
INT!
INT NUM: 32
INT!
INT NUM: 32
INT!
INT NUM: 32
INT!
INT NUM: 32
INT!
INT NUM: 32
INT!
INT NUM: 32
INT!
INT NUM: 32
INT!
INT NUM: 32
INT!
INT NUM: 32
INT!
INT NUM: 32
INT!
INT NUM: 32
INT!
INT NUM: 32
INT!
INT NUM: 32
INT!
INT NUM: 32
INT!
INT NUM: 32
INT!
INT NUM: 32
INT!
INT NUM: 32
INT!
INT NUM: 32
INT!
INT NUM: 32
INT!
INT NUM: 32
INT!
INT NUM: 32
INT!
INT NUM: 32
INT!
INT NUM: 32
INT!
INT NUM: 32
INT!
INT NUM: 32
INT!
INT NUM: 32
INT!
INT NUM: 32
INT!
INT NUM: 32
INT!
INT NUM: 32
INT!
INT NUM: 32
INT!
INT NUM: 32
INT!
INT NUM: 32
INT!
INT NUM: 32
INT!
INT NUM: 32
INT!
INT NUM: 32
INT!
INT NUM: 32
INT!
INT NUM: 32
INT!
INT NUM: 32
INT!
INT NUM: 32
INT!
INT NUM: 32
INT!
INT NUM: 32
INT!
INT NUM: 32
INT!
INT NUM: 32
INT!
INT NUM: 32
INT!
INT NUM: 32
INT!
INT NUM: 32
INT!
INT NUM: 32
INT!
INT NUM: 32
INT!
INT NUM: 32
INT!
INT NUM: 32
INT!
INT NUM: 32
INT!
INT NUM: 32
INT!
INT NUM: 32
INT!
INT NUM: 32
INT!
INT NUM: 32
INT!
INT NUM: 32
INT!
INT NUM: 32
INT!
INT NUM: 32
INT!
INT NUM: 32
INT!
INT NUM: 32
INT!
INT NUM: 32
INT!
INT NUM: 33
KBD!
SCAN: à
INT!
INT NUM: 33
KBD!
SCAN: [
INT!
INT NUM: 32
